<?xml version="1.0"?><coverage lines-covered="569" lines-valid="1786" line-rate="0.31858902575587905" branches-covered="0" branches-valid="0" branch-rate="0" complexity="0" version="1.9" timestamp="1784414910"><sources><source>/Users/beejay-mac/Documents/open-source/rusta</source></sources><packages><package name="rusta-di-macros/src" line-rate="0" branch-rate="0" complexity="0"><classes><class name="controller" filename="rusta-di-macros/src/controller.rs" line-rate="0" branch-rate="0" complexity="0"><methods/><lines><line number="17" hits="0"/><line number="18" hits="0"/><line number="19" hits="0"/><line number="21" hits="0"/><line number="23" hits="0"/><line number="24" hits="0"/><line number="26" hits="0"/><line number="27" hits="0"/><line number="28" hits="0"/><line number="29" hits="0"/><line number="30" hits="0"/><line number="31" hits="0"/><line number="32" hits="0"/><line number="34" hits="0"/><line number="35" hits="0"/><line number="36" hits="0"/><line number="37" hits="0"/><line number="39" hits="0"/><line number="42" hits="0"/><line number="43" hits="0"/><line number="44" hits="0"/><line number="45" hits="0"/><line number="50" hits="0"/><line number="51" hits="0"/><line number="52" hits="0"/><line number="53" hits="0"/><line number="58" hits="0"/><line number="60" hits="0"/><line number="64" hits="0"/><line number="66" hits="0"/><line number="67" hits="0"/><line number="68" hits="0"/><line number="69" hits="0"/><line number="71" hits="0"/><line number="72" hits="0"/><line number="73" hits="0"/><line number="74" hits="0"/><line number="76" hits="0"/><line number="79" hits="0"/><line number="80" hits="0"/><line number="81" hits="0"/><line number="82" hits="0"/><line number="83" hits="0"/><line number="84" hits="0"/><line number="85" hits="0"/><line number="89" hits="0"/><line number="91" hits="0"/><line number="95" hits="0"/><line number="97" hits="0"/><line number="100" hits="0"/><line number="101" hits="0"/><line number="102" hits="0"/><line number="103" hits="0"/><line number="104" hits="0"/><line number="107" hits="0"/><line number="108" hits="0"/><line number="109" hits="0"/><line number="110" hits="0"/><line number="111" hits="0"/><line number="117" hits="0"/><line number="118" hits="0"/><line number="119" hits="0"/><line number="120" hits="0"/><line number="121" hits="0"/><line number="122" hits="0"/><line number="123" hits="0"/><line number="124" hits="0"/><line number="125" hits="0"/><line number="126" hits="0"/><line number="128" hits="0"/><line number="131" hits="0"/><line number="134" hits="0"/><line number="139" hits="0"/><line number="140" hits="0"/><line number="146" hits="0"/><line number="152" hits="0"/><line number="158" hits="0"/><line number="164" hits="0"/><line number="170" hits="0"/><line number="173" hits="0"/><line number="175" hits="0"/><line number="176" hits="0"/><line number="177" hits="0"/><line number="178" hits="0"/><line number="179" hits="0"/><line number="180" hits="0"/><line number="181" hits="0"/><line number="183" hits="0"/><line number="189" hits="0"/><line number="190" hits="0"/><line number="198" hits="0"/><line number="215" hits="0"/><line number="220" hits="0"/></lines></class><class name="injectable" filename="rusta-di-macros/src/injectable.rs" line-rate="0" branch-rate="0" complexity="0"><methods/><lines><line number="20" hits="0"/><line number="21" hits="0"/><line number="22" hits="0"/><line number="25" hits="0"/><line number="27" hits="0"/><line number="28" hits="0"/><line number="32" hits="0"/><line number="33" hits="0"/><line number="34" hits="0"/><line number="35" hits="0"/><line number="38" hits="0"/><line number="40" hits="0"/><line number="43" hits="0"/><line number="45" hits="0"/><line number="46" hits="0"/><line number="48" hits="0"/><line number="49" hits="0"/><line number="51" hits="0"/><line number="52" hits="0"/><line number="53" hits="0"/><line number="54" hits="0"/><line number="56" hits="0"/><line number="57" hits="0"/><line number="58" hits="0"/><line number="59" hits="0"/><line number="60" hits="0"/><line number="61" hits="0"/><line number="62" hits="0"/><line number="63" hits="0"/><line number="67" hits="0"/><line number="68" hits="0"/><line number="69" hits="0"/><line number="70" hits="0"/><line number="71" hits="0"/><line number="77" hits="0"/><line number="78" hits="0"/><line number="79" hits="0"/><line number="80" hits="0"/><line number="81" hits="0"/><line number="82" hits="0"/><line number="83" hits="0"/><line number="84" hits="0"/><line number="85" hits="0"/><line number="86" hits="0"/><line number="93" hits="0"/><line number="96" hits="0"/><line number="97" hits="0"/><line number="98" hits="0"/><line number="100" hits="0"/><line number="102" hits="0"/><line number="103" hits="0"/><line number="104" hits="0"/><line number="106" hits="0"/><line number="107" hits="0"/><line number="108" hits="0"/><line number="110" hits="0"/><line number="111" hits="0"/><line number="113" hits="0"/><line number="117" hits="0"/><line number="119" hits="0"/><line number="120" hits="0"/><line number="121" hits="0"/><line number="138" hits="0"/><line number="141" hits="0"/><line number="142" hits="0"/><line number="145" hits="0"/><line number="148" hits="0"/><line number="150" hits="0"/><line number="151" hits="0"/><line number="153" hits="0"/><line number="154" hits="0"/><line number="155" hits="0"/><line number="158" hits="0"/><line number="161" hits="0"/><line number="166" hits="0"/><line number="170" hits="0"/><line number="171" hits="0"/><line number="172" hits="0"/><line number="173" hits="0"/><line number="174" hits="0"/><line number="175" hits="0"/><line number="179" hits="0"/><line number="193" hits="0"/></lines></class><class name="lib" filename="rusta-di-macros/src/lib.rs" line-rate="0" branch-rate="0" complexity="0"><methods/><lines><line number="37" hits="0"/><line number="38" hits="0"/><line number="44" hits="0"/><line number="45" hits="0"/><line number="51" hits="0"/><line number="52" hits="0"/><line number="58" hits="0"/><line number="59" hits="0"/><line number="65" hits="0"/><line number="66" hits="0"/><line number="72" hits="0"/><line number="73" hits="0"/><line number="79" hits="0"/><line number="80" hits="0"/><line number="97" hits="0"/><line number="98" hits="0"/></lines></class><class name="routes" filename="rusta-di-macros/src/routes.rs" line-rate="0" branch-rate="0" complexity="0"><methods/><lines><line number="6" hits="0"/><line number="7" hits="0"/></lines></class></classes></package><package name="rusta-example/src/services" line-rate="0" branch-rate="0" complexity="0"><classes><class name="auth_service" filename="rusta-example/src/services/auth_service.rs" line-rate="0" branch-rate="0" complexity="0"><methods/><lines><line number="29" hits="0"/><line number="30" hits="0"/><line number="34" hits="0"/><line number="36" hits="0"/><line number="37" hits="0"/><line number="39" hits="0"/><line number="41" hits="0"/><line number="43" hits="0"/><line number="47" hits="0"/><line number="48" hits="0"/><line number="52" hits="0"/><line number="54" hits="0"/><line number="55" hits="0"/><line number="57" hits="0"/><line number="59" hits="0"/><line number="61" hits="0"/><line number="65" hits="0"/><line number="67" hits="0"/><line number="68" hits="0"/><line number="69" hits="0"/><line number="71" hits="0"/><line number="73" hits="0"/><line number="77" hits="0"/><line number="78" hits="0"/><line number="82" hits="0"/><line number="83" hits="0"/><line number="84" hits="0"/><line number="85" hits="0"/><line number="86" hits="0"/><line number="87" hits="0"/><line number="90" hits="0"/><line number="93" hits="0"/><line number="95" hits="0"/><line number="96" hits="0"/><line number="98" hits="0"/><line number="99" hits="0"/><line number="102" hits="0"/><line number="103" hits="0"/><line number="106" hits="0"/><line number="107" hits="0"/><line number="108" hits="0"/><line number="111" hits="0"/><line number="112" hits="0"/><line number="113" hits="0"/><line number="115" hits="0"/><line number="117" hits="0"/><line number="118" hits="0"/><line number="119" hits="0"/><line number="123" hits="0"/><line number="124" hits="0"/><line number="125" hits="0"/><line number="126" hits="0"/><line number="127" hits="0"/><line number="128" hits="0"/><line number="130" hits="0"/><line number="131" hits="0"/><line number="132" hits="0"/><line number="133" hits="0"/><line number="134" hits="0"/><line number="138" hits="0"/><line number="139" hits="0"/><line number="140" hits="0"/><line number="144" hits="0"/><line number="145" hits="0"/><line number="146" hits="0"/><line number="148" hits="0"/><line number="150" hits="0"/><line number="151" hits="0"/><line number="152" hits="0"/><line number="156" hits="0"/><line number="157" hits="0"/><line number="158" hits="0"/><line number="160" hits="0"/><line number="166" hits="0"/><line number="167" hits="0"/><line number="168" hits="0"/><line number="169" hits="0"/><line number="171" hits="0"/><line number="172" hits="0"/><line number="173" hits="0"/><line number="175" hits="0"/><line number="178" hits="0"/><line number="179" hits="0"/><line number="182" hits="0"/><line number="183" hits="0"/><line number="184" hits="0"/><line number="185" hits="0"/><line number="186" hits="0"/><line number="191" hits="0"/><line number="192" hits="0"/><line number="193" hits="0"/><line number="194" hits="0"/><line number="195" hits="0"/><line number="196" hits="0"/><line number="198" hits="0"/><line number="199" hits="0"/><line number="200" hits="0"/><line number="202" hits="0"/><line number="205" hits="0"/><line number="206" hits="0"/></lines></class><class name="comment_service" filename="rusta-example/src/services/comment_service.rs" line-rate="0" branch-rate="0" complexity="0"><methods/><lines><line number="20" hits="0"/><line number="21" hits="0"/><line number="24" hits="0"/><line number="26" hits="0"/><line number="27" hits="0"/><line number="28" hits="0"/><line number="31" hits="0"/><line number="37" hits="0"/><line number="41" hits="0"/><line number="43" hits="0"/><line number="44" hits="0"/><line number="46" hits="0"/><line number="48" hits="0"/><line number="50" hits="0"/><line number="53" hits="0"/><line number="59" hits="0"/><line number="63" hits="0"/><line number="65" hits="0"/><line number="66" hits="0"/><line number="68" hits="0"/><line number="70" hits="0"/><line number="71" hits="0"/><line number="72" hits="0"/><line number="73" hits="0"/><line number="76" hits="0"/><line number="79" hits="0"/><line number="80" hits="0"/><line number="84" hits="0"/><line number="86" hits="0"/><line number="87" hits="0"/><line number="89" hits="0"/><line number="91" hits="0"/><line number="92" hits="0"/><line number="93" hits="0"/><line number="94" hits="0"/><line number="96" hits="0"/><line number="99" hits="0"/><line number="102" hits="0"/><line number="103" hits="0"/><line number="107" hits="0"/><line number="109" hits="0"/><line number="110" hits="0"/><line number="112" hits="0"/><line number="114" hits="0"/><line number="115" hits="0"/><line number="116" hits="0"/><line number="117" hits="0"/><line number="118" hits="0"/><line number="119" hits="0"/><line number="120" hits="0"/><line number="123" hits="0"/><line number="126" hits="0"/><line number="127" hits="0"/><line number="131" hits="0"/><line number="133" hits="0"/><line number="134" hits="0"/><line number="136" hits="0"/><line number="138" hits="0"/><line number="139" hits="0"/><line number="140" hits="0"/><line number="141" hits="0"/><line number="142" hits="0"/><line number="143" hits="0"/><line number="144" hits="0"/><line number="147" hits="0"/><line number="150" hits="0"/><line number="151" hits="0"/><line number="155" hits="0"/><line number="156" hits="0"/><line number="157" hits="0"/><line number="158" hits="0"/><line number="159" hits="0"/><line number="160" hits="0"/><line number="163" hits="0"/></lines></class><class name="mod" filename="rusta-example/src/services/mod.rs" line-rate="0" branch-rate="0" complexity="0"><methods/><lines><line number="13" hits="0"/><line number="14" hits="0"/><line number="15" hits="0"/><line number="16" hits="0"/></lines></class><class name="post_service" filename="rusta-example/src/services/post_service.rs" line-rate="0" branch-rate="0" complexity="0"><methods/><lines><line number="20" hits="0"/><line number="21" hits="0"/><line number="22" hits="0"/><line number="23" hits="0"/><line number="24" hits="0"/><line number="25" hits="0"/><line number="28" hits="0"/><line number="29" hits="0"/><line number="33" hits="0"/><line number="34" hits="0"/><line number="36" hits="0"/><line number="38" hits="0"/><line number="41" hits="0"/><line number="42" hits="0"/><line number="46" hits="0"/><line number="48" hits="0"/><line number="49" hits="0"/><line number="51" hits="0"/><line number="53" hits="0"/><line number="55" hits="0"/><line number="58" hits="0"/><line number="64" hits="0"/><line number="68" hits="0"/><line number="70" hits="0"/><line number="71" hits="0"/><line number="73" hits="0"/><line number="75" hits="0"/><line number="76" hits="0"/><line number="77" hits="0"/><line number="80" hits="0"/><line number="83" hits="0"/><line number="84" hits="0"/><line number="88" hits="0"/><line number="90" hits="0"/><line number="91" hits="0"/><line number="93" hits="0"/><line number="95" hits="0"/><line number="96" hits="0"/><line number="97" hits="0"/><line number="98" hits="0"/><line number="100" hits="0"/><line number="103" hits="0"/></lines></class></classes></package><package name="rusta-logger/src" line-rate="0.45739910313901344" branch-rate="0" complexity="0"><classes><class name="adapter" filename="rusta-logger/src/adapter.rs" line-rate="0.8" branch-rate="0" complexity="0"><methods/><lines><line number="25" hits="8"/><line number="26" hits="24"/><line number="27" hits="24"/><line number="28" hits="8"/><line number="30" hits="16"/><line number="32" hits="0"/><line number="33" hits="0"/><line number="37" hits="16"/><line number="38" hits="40"/><line number="40" hits="16"/></lines></class><class name="config" filename="rusta-logger/src/config.rs" line-rate="1" branch-rate="0" complexity="0"><methods/><lines><line number="38" hits="24"/><line number="40" hits="48"/><line number="48" hits="48"/><line number="56" hits="22"/><line number="57" hits="66"/><line number="58" hits="22"/><line number="61" hits="2"/><line number="62" hits="4"/><line number="63" hits="2"/><line number="66" hits="2"/><line number="67" hits="4"/><line number="68" hits="2"/><line number="71" hits="2"/><line number="72" hits="4"/><line number="73" hits="2"/><line number="78" hits="4"/><line number="79" hits="24"/><line number="80" hits="4"/><line number="83" hits="2"/><line number="84" hits="2"/><line number="85" hits="2"/><line number="88" hits="26"/><line number="89" hits="78"/><line number="90" hits="78"/><line number="91" hits="26"/><line number="93" hits="26"/><line number="96" hits="22"/><line number="97" hits="44"/><line number="98" hits="22"/><line number="101" hits="2"/><line number="102" hits="4"/><line number="103" hits="2"/><line number="108" hits="2"/><line number="109" hits="2"/><line number="110" hits="2"/><line number="113" hits="2"/><line number="114" hits="4"/><line number="115" hits="2"/><line number="118" hits="24"/><line number="119" hits="48"/><line number="120" hits="24"/><line number="121" hits="28"/><line number="123" hits="24"/><line number="124" hits="24"/><line number="127" hits="22"/><line number="128" hits="22"/><line number="132" hits="40"/><line number="133" hits="20"/><line number="135" hits="60"/><line number="136" hits="20"/><line number="137" hits="20"/><line number="143" hits="18"/><line number="144" hits="18"/><line number="145" hits="18"/><line number="147" hits="18"/><line number="150" hits="18"/><line number="151" hits="68"/><line number="157" hits="24"/><line number="158" hits="24"/></lines></class><class name="context" filename="rusta-logger/src/context.rs" line-rate="1" branch-rate="0" complexity="0"><methods/><lines><line number="19" hits="10"/><line number="20" hits="10"/><line number="21" hits="26"/></lines></class><class name="manager" filename="rusta-logger/src/manager.rs" line-rate="0" branch-rate="0" complexity="0"><methods/><lines><line number="46" hits="0"/><line number="47" hits="0"/><line number="53" hits="0"/><line number="54" hits="0"/><line number="55" hits="0"/><line number="56" hits="0"/><line number="57" hits="0"/><line number="58" hits="0"/><line number="61" hits="0"/><line number="104" hits="0"/><line number="105" hits="0"/><line number="124" hits="0"/><line number="125" hits="0"/><line number="126" hits="0"/><line number="128" hits="0"/><line number="129" hits="0"/><line number="130" hits="0"/><line number="131" hits="0"/><line number="132" hits="0"/><line number="134" hits="0"/><line number="139" hits="0"/><line number="140" hits="0"/><line number="144" hits="0"/><line number="145" hits="0"/><line number="146" hits="0"/><line number="148" hits="0"/><line number="151" hits="0"/><line number="152" hits="0"/><line number="156" hits="0"/><line number="157" hits="0"/><line number="161" hits="0"/><line number="162" hits="0"/><line number="163" hits="0"/><line number="166" hits="0"/><line number="168" hits="0"/><line number="174" hits="0"/><line number="175" hits="0"/><line number="177" hits="0"/><line number="178" hits="0"/><line number="181" hits="0"/><line number="184" hits="0"/><line number="185" hits="0"/><line number="186" hits="0"/><line number="190" hits="0"/><line number="191" hits="0"/><line number="194" hits="0"/><line number="197" hits="0"/><line number="199" hits="0"/><line number="202" hits="0"/><line number="206" hits="0"/><line number="209" hits="0"/><line number="210" hits="0"/><line number="213" hits="0"/><line number="214" hits="0"/><line number="217" hits="0"/><line number="218" hits="0"/><line number="221" hits="0"/><line number="222" hits="0"/><line number="225" hits="0"/><line number="226" hits="0"/><line number="230" hits="0"/><line number="231" hits="0"/><line number="233" hits="0"/><line number="238" hits="0"/><line number="239" hits="0"/><line number="240" hits="0"/><line number="241" hits="0"/><line number="243" hits="0"/><line number="244" hits="0"/><line number="245" hits="0"/><line number="252" hits="0"/><line number="253" hits="0"/></lines></class><class name="middleware" filename="rusta-logger/src/middleware.rs" line-rate="0" branch-rate="0" complexity="0"><methods/><lines><line number="20" hits="0"/><line number="21" hits="0"/><line number="23" hits="0"/><line number="25" hits="0"/><line number="26" hits="0"/><line number="27" hits="0"/><line number="28" hits="0"/><line number="29" hits="0"/><line number="31" hits="0"/><line number="33" hits="0"/><line number="34" hits="0"/><line number="36" hits="0"/><line number="38" hits="0"/><line number="41" hits="0"/><line number="42" hits="0"/><line number="43" hits="0"/><line number="47" hits="0"/></lines></class><class name="types" filename="rusta-logger/src/types.rs" line-rate="0.9411764705882353" branch-rate="0" complexity="0"><methods/><lines><line number="32" hits="10"/><line number="33" hits="10"/><line number="34" hits="4"/><line number="35" hits="4"/><line number="36" hits="4"/><line number="37" hits="4"/><line number="38" hits="4"/><line number="45" hits="18"/><line number="46" hits="54"/><line number="49" hits="14"/><line number="53" hits="42"/><line number="56" hits="4"/><line number="57" hits="4"/><line number="58" hits="16"/><line number="59" hits="0"/><line number="63" hits="28"/><line number="64" hits="56"/></lines></class><class name="writer" filename="rusta-logger/src/writer.rs" line-rate="0.35555555555555557" branch-rate="0" complexity="0"><methods/><lines><line number="25" hits="0"/><line number="26" hits="0"/><line number="27" hits="0"/><line number="28" hits="0"/><line number="29" hits="0"/><line number="31" hits="0"/><line number="50" hits="6"/><line number="54" hits="18"/><line number="57" hits="12"/><line number="58" hits="6"/><line number="64" hits="18"/><line number="65" hits="18"/><line number="66" hits="18"/><line number="67" hits="30"/><line number="69" hits="6"/><line number="70" hits="12"/><line number="71" hits="6"/><line number="72" hits="6"/><line number="77" hits="2"/><line number="79" hits="6"/><line number="80" hits="2"/><line number="85" hits="0"/><line number="86" hits="0"/><line number="87" hits="0"/><line number="95" hits="6"/><line number="97" hits="0"/><line number="98" hits="0"/><line number="100" hits="0"/><line number="104" hits="0"/><line number="105" hits="0"/><line number="106" hits="0"/><line number="108" hits="0"/><line number="109" hits="0"/><line number="110" hits="0"/><line number="111" hits="0"/><line number="112" hits="0"/><line number="115" hits="0"/><line number="116" hits="0"/><line number="117" hits="0"/><line number="120" hits="0"/><line number="123" hits="0"/><line number="124" hits="0"/><line number="125" hits="0"/><line number="127" hits="0"/><line number="132" hits="0"/></lines></class></classes></package><package name="rusta-example/src/controllers" line-rate="0" branch-rate="0" complexity="0"><classes><class name="auth_controller" filename="rusta-example/src/controllers/auth_controller.rs" line-rate="0" branch-rate="0" complexity="0"><methods/><lines><line number="21" hits="0"/><line number="22" hits="0"/><line number="23" hits="0"/><line number="26" hits="0"/><line number="27" hits="0"/><line number="28" hits="0"/><line number="29" hits="0"/><line number="30" hits="0"/><line number="37" hits="0"/><line number="38" hits="0"/><line number="39" hits="0"/><line number="41" hits="0"/><line number="42" hits="0"/><line number="43" hits="0"/></lines></class><class name="comment_controller" filename="rusta-example/src/controllers/comment_controller.rs" line-rate="0" branch-rate="0" complexity="0"><methods/><lines><line number="23" hits="0"/><line number="24" hits="0"/><line number="25" hits="0"/><line number="26" hits="0"/><line number="27" hits="0"/><line number="28" hits="0"/><line number="30" hits="0"/><line number="32" hits="0"/><line number="39" hits="0"/><line number="45" hits="0"/><line number="46" hits="0"/><line number="47" hits="0"/><line number="49" hits="0"/><line number="50" hits="0"/><line number="51" hits="0"/><line number="52" hits="0"/><line number="54" hits="0"/><line number="61" hits="0"/><line number="67" hits="0"/><line number="68" hits="0"/><line number="69" hits="0"/><line number="71" hits="0"/><line number="72" hits="0"/><line number="73" hits="0"/><line number="74" hits="0"/><line number="76" hits="0"/><line number="83" hits="0"/><line number="88" hits="0"/><line number="90" hits="0"/><line number="91" hits="0"/><line number="93" hits="0"/><line number="100" hits="0"/><line number="105" hits="0"/><line number="106" hits="0"/><line number="107" hits="0"/><line number="108" hits="0"/><line number="110" hits="0"/><line number="117" hits="0"/><line number="122" hits="0"/><line number="123" hits="0"/><line number="124" hits="0"/><line number="125" hits="0"/><line number="127" hits="0"/></lines></class><class name="mod" filename="rusta-example/src/controllers/mod.rs" line-rate="0" branch-rate="0" complexity="0"><methods/><lines><line number="13" hits="0"/><line number="14" hits="0"/><line number="15" hits="0"/><line number="16" hits="0"/></lines></class><class name="post_controller" filename="rusta-example/src/controllers/post_controller.rs" line-rate="0" branch-rate="0" complexity="0"><methods/><lines><line number="23" hits="0"/><line number="24" hits="0"/><line number="25" hits="0"/><line number="26" hits="0"/><line number="27" hits="0"/><line number="28" hits="0"/><line number="30" hits="0"/><line number="36" hits="0"/><line number="37" hits="0"/><line number="38" hits="0"/><line number="39" hits="0"/><line number="40" hits="0"/><line number="42" hits="0"/><line number="49" hits="0"/><line number="54" hits="0"/><line number="55" hits="0"/><line number="56" hits="0"/><line number="58" hits="0"/><line number="59" hits="0"/><line number="60" hits="0"/><line number="61" hits="0"/><line number="63" hits="0"/><line number="70" hits="0"/><line number="76" hits="0"/><line number="77" hits="0"/><line number="78" hits="0"/><line number="80" hits="0"/><line number="81" hits="0"/><line number="82" hits="0"/><line number="83" hits="0"/><line number="85" hits="0"/><line number="92" hits="0"/><line number="97" hits="0"/><line number="99" hits="0"/><line number="100" hits="0"/><line number="102" hits="0"/></lines></class></classes></package><package name="rusta-example/src/models" line-rate="1" branch-rate="0" complexity="0"><classes><class name="user" filename="rusta-example/src/models/user.rs" line-rate="1" branch-rate="0" complexity="0"><methods/><lines><line number="48" hits="3"/><line number="50" hits="6"/><line number="51" hits="6"/><line number="52" hits="3"/><line number="53" hits="3"/></lines></class></classes></package><package name="rusta-example/src/repositories" line-rate="0" branch-rate="0" complexity="0"><classes><class name="comment_repository" filename="rusta-example/src/repositories/comment_repository.rs" line-rate="0" branch-rate="0" complexity="0"><methods/><lines><line number="35" hits="0"/><line number="36" hits="0"/><line number="38" hits="0"/><line number="39" hits="0"/><line number="40" hits="0"/><line number="41" hits="0"/><line number="46" hits="0"/><line number="47" hits="0"/><line number="48" hits="0"/><line number="49" hits="0"/><line number="50" hits="0"/><line number="51" hits="0"/><line number="52" hits="0"/><line number="53" hits="0"/><line number="67" hits="0"/><line number="80" hits="0"/><line number="81" hits="0"/><line number="82" hits="0"/><line number="83" hits="0"/><line number="84" hits="0"/><line number="90" hits="0"/><line number="103" hits="0"/><line number="104" hits="0"/><line number="105" hits="0"/><line number="106" hits="0"/><line number="107" hits="0"/><line number="108" hits="0"/><line number="109" hits="0"/><line number="110" hits="0"/><line number="133" hits="0"/><line number="134" hits="0"/><line number="135" hits="0"/><line number="136" hits="0"/><line number="137" hits="0"/><line number="138" hits="0"/><line number="139" hits="0"/><line number="142" hits="0"/><line number="143" hits="0"/><line number="145" hits="0"/><line number="146" hits="0"/><line number="147" hits="0"/><line number="149" hits="0"/><line number="150" hits="0"/><line number="151" hits="0"/><line number="152" hits="0"/><line number="153" hits="0"/><line number="154" hits="0"/><line number="155" hits="0"/><line number="156" hits="0"/><line number="157" hits="0"/><line number="182" hits="0"/><line number="183" hits="0"/><line number="184" hits="0"/><line number="185" hits="0"/><line number="187" hits="0"/><line number="188" hits="0"/><line number="189" hits="0"/><line number="190" hits="0"/><line number="191" hits="0"/><line number="192" hits="0"/><line number="195" hits="0"/><line number="197" hits="0"/><line number="198" hits="0"/><line number="201" hits="0"/><line number="202" hits="0"/><line number="203" hits="0"/><line number="204" hits="0"/><line number="210" hits="0"/><line number="223" hits="0"/><line number="224" hits="0"/><line number="225" hits="0"/><line number="226" hits="0"/><line number="227" hits="0"/><line number="228" hits="0"/><line number="229" hits="0"/><line number="230" hits="0"/><line number="236" hits="0"/><line number="250" hits="0"/><line number="251" hits="0"/><line number="252" hits="0"/><line number="253" hits="0"/><line number="255" hits="0"/><line number="256" hits="0"/><line number="257" hits="0"/><line number="258" hits="0"/><line number="259" hits="0"/><line number="260" hits="0"/><line number="263" hits="0"/><line number="265" hits="0"/><line number="266" hits="0"/><line number="269" hits="0"/><line number="270" hits="0"/><line number="271" hits="0"/><line number="272" hits="0"/><line number="278" hits="0"/><line number="292" hits="0"/><line number="293" hits="0"/><line number="294" hits="0"/><line number="295" hits="0"/><line number="297" hits="0"/><line number="298" hits="0"/><line number="299" hits="0"/><line number="300" hits="0"/><line number="301" hits="0"/><line number="302" hits="0"/><line number="305" hits="0"/><line number="307" hits="0"/><line number="308" hits="0"/><line number="311" hits="0"/><line number="312" hits="0"/><line number="313" hits="0"/><line number="314" hits="0"/></lines></class><class name="mod" filename="rusta-example/src/repositories/mod.rs" line-rate="0" branch-rate="0" complexity="0"><methods/><lines><line number="11" hits="0"/><line number="12" hits="0"/><line number="13" hits="0"/><line number="14" hits="0"/></lines></class><class name="post_repository" filename="rusta-example/src/repositories/post_repository.rs" line-rate="0" branch-rate="0" complexity="0"><methods/><lines><line number="28" hits="0"/><line number="30" hits="0"/><line number="31" hits="0"/><line number="32" hits="0"/><line number="33" hits="0"/><line number="34" hits="0"/><line number="35" hits="0"/><line number="49" hits="0"/><line number="61" hits="0"/><line number="62" hits="0"/><line number="63" hits="0"/><line number="64" hits="0"/><line number="65" hits="0"/><line number="71" hits="0"/><line number="84" hits="0"/><line number="85" hits="0"/><line number="86" hits="0"/><line number="87" hits="0"/><line number="88" hits="0"/><line number="89" hits="0"/><line number="90" hits="0"/><line number="91" hits="0"/><line number="97" hits="0"/><line number="109" hits="0"/><line number="110" hits="0"/><line number="111" hits="0"/><line number="112" hits="0"/><line number="113" hits="0"/><line number="114" hits="0"/><line number="115" hits="0"/><line number="116" hits="0"/><line number="117" hits="0"/><line number="119" hits="0"/><line number="120" hits="0"/><line number="121" hits="0"/><line number="123" hits="0"/><line number="124" hits="0"/><line number="125" hits="0"/><line number="126" hits="0"/><line number="127" hits="0"/><line number="128" hits="0"/><line number="129" hits="0"/><line number="154" hits="0"/><line number="155" hits="0"/><line number="156" hits="0"/><line number="157" hits="0"/><line number="160" hits="0"/><line number="161" hits="0"/><line number="162" hits="0"/><line number="163" hits="0"/><line number="165" hits="0"/><line number="166" hits="0"/><line number="168" hits="0"/><line number="170" hits="0"/><line number="171" hits="0"/><line number="172" hits="0"/><line number="173" hits="0"/><line number="174" hits="0"/><line number="177" hits="0"/><line number="178" hits="0"/><line number="179" hits="0"/><line number="180" hits="0"/><line number="182" hits="0"/><line number="184" hits="0"/><line number="185" hits="0"/><line number="188" hits="0"/><line number="189" hits="0"/><line number="190" hits="0"/><line number="191" hits="0"/><line number="197" hits="0"/><line number="210" hits="0"/><line number="211" hits="0"/><line number="212" hits="0"/><line number="213" hits="0"/><line number="214" hits="0"/><line number="215" hits="0"/><line number="216" hits="0"/><line number="217" hits="0"/></lines></class><class name="user_repository" filename="rusta-example/src/repositories/user_repository.rs" line-rate="0" branch-rate="0" complexity="0"><methods/><lines><line number="21" hits="0"/><line number="23" hits="0"/><line number="24" hits="0"/><line number="25" hits="0"/><line number="26" hits="0"/><line number="27" hits="0"/><line number="41" hits="0"/><line number="53" hits="0"/><line number="54" hits="0"/><line number="55" hits="0"/><line number="56" hits="0"/><line number="57" hits="0"/><line number="58" hits="0"/><line number="59" hits="0"/><line number="60" hits="0"/><line number="66" hits="0"/><line number="78" hits="0"/><line number="79" hits="0"/><line number="80" hits="0"/><line number="81" hits="0"/><line number="82" hits="0"/><line number="83" hits="0"/><line number="89" hits="0"/><line number="101" hits="0"/><line number="102" hits="0"/><line number="103" hits="0"/><line number="104" hits="0"/><line number="105" hits="0"/><line number="106" hits="0"/><line number="112" hits="0"/><line number="124" hits="0"/><line number="125" hits="0"/><line number="126" hits="0"/><line number="127" hits="0"/><line number="128" hits="0"/><line number="129" hits="0"/><line number="130" hits="0"/><line number="131" hits="0"/><line number="133" hits="0"/><line number="134" hits="0"/><line number="135" hits="0"/><line number="137" hits="0"/><line number="138" hits="0"/><line number="139" hits="0"/><line number="140" hits="0"/><line number="141" hits="0"/><line number="142" hits="0"/></lines></class></classes></package><package name="rusta-example/src" line-rate="0.024113475177304965" branch-rate="0" complexity="0"><classes><class name="config" filename="rusta-example/src/config.rs" line-rate="1" branch-rate="0" complexity="0"><methods/><lines><line number="16" hits="3"/><line number="18" hits="3"/><line number="20" hits="12"/><line number="21" hits="3"/><line number="23" hits="3"/><line number="27" hits="3"/></lines></class><class name="db" filename="rusta-example/src/db.rs" line-rate="0" branch-rate="0" complexity="0"><methods/><lines><line number="4" hits="0"/><line number="5" hits="0"/><line number="6" hits="0"/><line number="8" hits="0"/><line number="10" hits="0"/><line number="12" hits="0"/><line number="16" hits="0"/><line number="18" hits="0"/><line number="19" hits="0"/><line number="20" hits="0"/><line number="21" hits="0"/><line number="23" hits="0"/><line number="27" hits="0"/><line number="28" hits="0"/><line number="29" hits="0"/><line number="30" hits="0"/><line number="31" hits="0"/><line number="35" hits="0"/><line number="36" hits="0"/><line number="37" hits="0"/><line number="38" hits="0"/><line number="39" hits="0"/></lines></class><class name="errors" filename="rusta-example/src/errors.rs" line-rate="0.14285714285714285" branch-rate="0" complexity="0"><methods/><lines><line number="30" hits="0"/><line number="31" hits="0"/><line number="32" hits="0"/><line number="33" hits="0"/><line number="34" hits="0"/><line number="35" hits="0"/><line number="36" hits="0"/><line number="37" hits="0"/><line number="38" hits="0"/><line number="39" hits="0"/><line number="40" hits="0"/><line number="41" hits="0"/><line number="42" hits="0"/><line number="43" hits="0"/><line number="44" hits="0"/><line number="52" hits="9"/><line number="53" hits="27"/><line number="54" hits="0"/><line number="55" hits="0"/><line number="56" hits="6"/><line number="57" hits="0"/><line number="58" hits="0"/><line number="60" hits="0"/><line number="61" hits="0"/><line number="62" hits="6"/><line number="63" hits="0"/><line number="64" hits="6"/><line number="65" hits="0"/><line number="66" hits="0"/><line number="67" hits="0"/><line number="68" hits="0"/><line number="70" hits="0"/><line number="71" hits="0"/><line number="72" hits="0"/><line number="74" hits="0"/><line number="75" hits="0"/><line number="76" hits="0"/><line number="79" hits="27"/><line number="84" hits="0"/><line number="85" hits="0"/><line number="90" hits="0"/><line number="91" hits="0"/></lines></class><class name="main" filename="rusta-example/src/main.rs" line-rate="0" branch-rate="0" complexity="0"><methods/><lines><line number="22" hits="0"/><line number="23" hits="0"/><line number="24" hits="0"/><line number="28" hits="0"/><line number="29" hits="0"/><line number="30" hits="0"/><line number="31" hits="0"/><line number="32" hits="0"/><line number="33" hits="0"/><line number="34" hits="0"/><line number="36" hits="0"/><line number="40" hits="0"/><line number="41" hits="0"/><line number="42" hits="0"/><line number="43" hits="0"/><line number="44" hits="0"/><line number="45" hits="0"/><line number="46" hits="0"/><line number="48" hits="0"/><line number="50" hits="0"/><line number="51" hits="0"/><line number="52" hits="0"/><line number="54" hits="0"/><line number="55" hits="0"/><line number="57" hits="0"/><line number="60" hits="0"/><line number="63" hits="0"/><line number="66" hits="0"/><line number="69" hits="0"/><line number="70" hits="0"/><line number="71" hits="0"/><line number="72" hits="0"/><line number="74" hits="0"/><line number="75" hits="0"/><line number="76" hits="0"/><line number="77" hits="0"/><line number="78" hits="0"/><line number="79" hits="0"/><line number="81" hits="0"/><line number="82" hits="0"/><line number="83" hits="0"/><line number="89" hits="0"/><line number="90" hits="0"/><line number="91" hits="0"/><line number="94" hits="0"/><line number="95" hits="0"/><line number="96" hits="0"/><line number="97" hits="0"/><line number="98" hits="0"/><line number="99" hits="0"/><line number="100" hits="0"/><line number="102" hits="0"/><line number="104" hits="0"/><line number="105" hits="0"/></lines></class><class name="middleware" filename="rusta-example/src/middleware.rs" line-rate="0" branch-rate="0" complexity="0"><methods/><lines><line number="9" hits="0"/><line number="15" hits="0"/><line number="18" hits="0"/><line number="19" hits="0"/><line number="21" hits="0"/><line number="22" hits="0"/><line number="24" hits="0"/><line number="25" hits="0"/><line number="26" hits="0"/><line number="28" hits="0"/><line number="33" hits="0"/><line number="34" hits="0"/><line number="35" hits="0"/><line number="36" hits="0"/><line number="37" hits="0"/><line number="39" hits="0"/><line number="40" hits="0"/><line number="41" hits="0"/></lines></class></classes></package><package name="rusta/src" line-rate="0.6033333333333334" branch-rate="0" complexity="0"><classes><class name="app" filename="rusta/src/app.rs" line-rate="0.5102040816326531" branch-rate="0" complexity="0"><methods/><lines><line number="35" hits="16"/><line number="45" hits="4"/><line number="46" hits="8"/><line number="47" hits="4"/><line number="51" hits="2"/><line number="52" hits="4"/><line number="53" hits="2"/><line number="80" hits="2"/><line number="81" hits="4"/><line number="82" hits="2"/><line number="117" hits="2"/><line number="118" hits="4"/><line number="119" hits="2"/><line number="142" hits="2"/><line number="143" hits="4"/><line number="144" hits="2"/><line number="154" hits="4"/><line number="155" hits="8"/><line number="156" hits="4"/><line number="158" hits="8"/><line number="159" hits="4"/><line number="160" hits="6"/><line number="162" hits="10"/><line number="163" hits="2"/><line number="164" hits="0"/><line number="165" hits="2"/><line number="175" hits="0"/><line number="180" hits="0"/><line number="182" hits="0"/><line number="184" hits="0"/><line number="185" hits="0"/><line number="186" hits="0"/><line number="187" hits="0"/><line number="188" hits="0"/><line number="189" hits="0"/><line number="193" hits="0"/><line number="194" hits="0"/><line number="195" hits="0"/><line number="196" hits="0"/><line number="197" hits="0"/><line number="198" hits="0"/><line number="202" hits="0"/><line number="203" hits="0"/><line number="205" hits="0"/><line number="206" hits="0"/><line number="207" hits="0"/><line number="208" hits="0"/><line number="214" hits="0"/><line number="215" hits="0"/></lines></class><class name="container" filename="rusta/src/container.rs" line-rate="0" branch-rate="0" complexity="0"><methods/><lines><line number="45" hits="0"/><line number="46" hits="0"/><line number="47" hits="0"/><line number="54" hits="0"/><line number="55" hits="0"/><line number="56" hits="0"/><line number="57" hits="0"/><line number="58" hits="0"/><line number="59" hits="0"/><line number="60" hits="0"/><line number="61" hits="0"/><line number="62" hits="0"/><line number="67" hits="0"/><line number="68" hits="0"/><line number="69" hits="0"/><line number="70" hits="0"/><line number="79" hits="0"/><line number="80" hits="0"/><line number="93" hits="0"/><line number="94" hits="0"/><line number="95" hits="0"/><line number="96" hits="0"/><line number="97" hits="0"/><line number="123" hits="0"/><line number="124" hits="0"/><line number="131" hits="0"/><line number="132" hits="0"/><line number="133" hits="0"/><line number="134" hits="0"/><line number="135" hits="0"/><line number="136" hits="0"/><line number="137" hits="0"/><line number="138" hits="0"/><line number="139" hits="0"/><line number="144" hits="0"/><line number="145" hits="0"/><line number="146" hits="0"/><line number="147" hits="0"/><line number="148" hits="0"/><line number="159" hits="0"/><line number="160" hits="0"/><line number="161" hits="0"/><line number="162" hits="0"/><line number="220" hits="0"/><line number="221" hits="0"/></lines></class><class name="error" filename="rusta/src/error.rs" line-rate="0.84" branch-rate="0" complexity="0"><methods/><lines><line number="44" hits="19"/><line number="45" hits="19"/><line number="49" hits="2"/><line number="51" hits="4"/><line number="52" hits="2"/><line number="57" hits="27"/><line number="58" hits="27"/><line number="59" hits="63"/><line number="60" hits="12"/><line number="66" hits="0"/><line number="67" hits="0"/><line number="72" hits="2"/><line number="73" hits="2"/><line number="78" hits="2"/><line number="79" hits="2"/><line number="96" hits="0"/><line number="97" hits="0"/><line number="102" hits="6"/><line number="103" hits="18"/><line number="104" hits="2"/><line number="105" hits="2"/><line number="107" hits="4"/><line number="108" hits="2"/><line number="109" hits="2"/><line number="112" hits="18"/></lines></class><class name="response" filename="rusta/src/response.rs" line-rate="0.8333333333333334" branch-rate="0" complexity="0"><methods/><lines><line number="36" hits="2"/><line number="38" hits="4"/><line number="39" hits="2"/><line number="80" hits="2"/><line number="81" hits="4"/><line number="91" hits="2"/><line number="92" hits="2"/><line number="102" hits="5"/><line number="103" hits="10"/><line number="113" hits="2"/><line number="114" hits="2"/><line number="124" hits="4"/><line number="125" hits="8"/><line number="126" hits="4"/><line number="137" hits="4"/><line number="138" hits="16"/><line number="139" hits="8"/><line number="157" hits="2"/><line number="158" hits="4"/><line number="162" hits="2"/><line number="164" hits="0"/><line number="165" hits="0"/><line number="166" hits="4"/><line number="167" hits="2"/><line number="174" hits="2"/><line number="175" hits="4"/><line number="179" hits="2"/><line number="180" hits="4"/><line number="184" hits="2"/><line number="186" hits="0"/><line number="187" hits="0"/><line number="188" hits="4"/><line number="189" hits="2"/><line number="196" hits="4"/><line number="198" hits="4"/><line number="199" hits="4"/><line number="205" hits="2"/><line number="207" hits="0"/><line number="208" hits="0"/><line number="209" hits="4"/><line number="210" hits="2"/><line number="217" hits="2"/><line number="219" hits="2"/><line number="220" hits="2"/><line number="226" hits="2"/><line number="228" hits="0"/><line number="229" hits="0"/><line number="230" hits="4"/><line number="231" hits="2"/><line number="238" hits="2"/><line number="240" hits="2"/><line number="241" hits="2"/><line number="247" hits="2"/><line number="249" hits="0"/><line number="250" hits="0"/><line number="251" hits="4"/><line number="252" hits="2"/><line number="282" hits="4"/><line number="283" hits="16"/><line number="284" hits="16"/></lines></class><class name="router" filename="rusta/src/router.rs" line-rate="0.5416666666666666" branch-rate="0" complexity="0"><methods/><lines><line number="15" hits="0"/><line number="16" hits="0"/><line number="20" hits="2"/><line number="25" hits="6"/><line number="27" hits="2"/><line number="28" hits="0"/><line number="29" hits="0"/><line number="31" hits="0"/><line number="33" hits="0"/><line number="34" hits="0"/><line number="35" hits="0"/><line number="38" hits="8"/><line number="39" hits="6"/><line number="43" hits="0"/><line number="44" hits="0"/><line number="54" hits="16"/><line number="55" hits="48"/><line number="56" hits="48"/><line number="57" hits="48"/><line number="58" hits="8"/><line number="60" hits="12"/><line number="63" hits="16"/><line number="64" hits="16"/><line number="66" hits="0"/></lines></class></classes></package><package name="rusta-example/benches" line-rate="0" branch-rate="0" complexity="0"><classes></classes></package><package name="rusta/src/middleware" line-rate="0.7422680412371134" branch-rate="0" complexity="0"><classes><class name="auth_guard" filename="rusta/src/middleware/auth_guard.rs" line-rate="1" branch-rate="0" complexity="0"><methods/><lines><line number="16" hits="16"/><line number="17" hits="16"/><line number="20" hits="26"/><line number="21" hits="20"/><line number="24" hits="8"/><line number="25" hits="6"/><line number="28" hits="6"/><line number="29" hits="6"/></lines></class><class name="chain" filename="rusta/src/middleware/chain.rs" line-rate="0.6428571428571429" branch-rate="0" complexity="0"><methods/><lines><line number="42" hits="10"/><line number="43" hits="10"/><line number="66" hits="8"/><line number="71" hits="24"/><line number="72" hits="0"/><line number="75" hits="8"/><line number="93" hits="0"/><line number="101" hits="0"/><line number="102" hits="0"/><line number="103" hits="0"/><line number="110" hits="2"/><line number="111" hits="8"/><line number="116" hits="2"/><line number="117" hits="2"/></lines></class><class name="cors" filename="rusta/src/middleware/cors.rs" line-rate="0.7333333333333333" branch-rate="0" complexity="0"><methods/><lines><line number="36" hits="12"/><line number="37" hits="12"/><line number="41" hits="10"/><line number="42" hits="20"/><line number="44" hits="10"/><line number="45" hits="30"/><line number="46" hits="10"/><line number="48" hits="30"/><line number="50" hits="40"/><line number="52" hits="0"/><line number="55" hits="10"/><line number="56" hits="18"/><line number="57" hits="6"/><line number="59" hits="30"/><line number="61" hits="24"/><line number="62" hits="4"/><line number="66" hits="0"/><line number="67" hits="0"/><line number="68" hits="0"/><line number="69" hits="0"/><line number="70" hits="0"/><line number="71" hits="0"/><line number="72" hits="0"/><line number="73" hits="0"/><line number="76" hits="12"/><line number="79" hits="10"/><line number="80" hits="6"/><line number="81" hits="2"/><line number="83" hits="10"/><line number="85" hits="8"/><line number="86" hits="8"/><line number="89" hits="0"/><line number="90" hits="0"/><line number="91" hits="0"/><line number="92" hits="0"/><line number="95" hits="24"/><line number="98" hits="10"/><line number="99" hits="0"/><line number="100" hits="0"/><line number="102" hits="0"/><line number="104" hits="0"/><line number="107" hits="14"/><line number="108" hits="8"/><line number="111" hits="12"/><line number="112" hits="4"/><line number="115" hits="10"/><line number="132" hits="12"/><line number="133" hits="24"/><line number="134" hits="12"/><line number="138" hits="6"/><line number="139" hits="12"/><line number="140" hits="6"/><line number="144" hits="2"/><line number="145" hits="4"/><line number="146" hits="2"/><line number="150" hits="0"/><line number="151" hits="0"/><line number="152" hits="0"/><line number="156" hits="2"/><line number="157" hits="2"/><line number="158" hits="2"/><line number="162" hits="2"/><line number="163" hits="2"/><line number="164" hits="2"/><line number="168" hits="12"/><line number="170" hits="24"/><line number="171" hits="24"/><line number="172" hits="24"/><line number="173" hits="24"/><line number="174" hits="12"/><line number="175" hits="12"/><line number="181" hits="14"/><line number="182" hits="14"/><line number="183" hits="60"/><line number="184" hits="4"/></lines></class></classes></package><package name="rusta-di/src" line-rate="0.7796610169491526" branch-rate="0" complexity="0"><classes><class name="container" filename="rusta-di/src/container.rs" line-rate="0.7636363636363637" branch-rate="0" complexity="0"><methods/><lines><line number="34" hits="40"/><line number="36" hits="40"/><line number="37" hits="40"/><line number="45" hits="22"/><line number="46" hits="22"/><line number="47" hits="66"/><line number="54" hits="14"/><line number="55" hits="28"/><line number="56" hits="14"/><line number="57" hits="28"/><line number="58" hits="16"/><line number="59" hits="2"/><line number="60" hits="0"/><line number="61" hits="0"/><line number="62" hits="2"/><line number="67" hits="14"/><line number="68" hits="0"/><line number="69" hits="0"/><line number="70" hits="0"/><line number="79" hits="4"/><line number="80" hits="12"/><line number="93" hits="6"/><line number="94" hits="12"/><line number="95" hits="6"/><line number="96" hits="12"/><line number="97" hits="12"/><line number="118" hits="8"/><line number="123" hits="8"/><line number="124" hits="24"/><line number="131" hits="8"/><line number="132" hits="16"/><line number="133" hits="8"/><line number="134" hits="16"/><line number="135" hits="10"/><line number="136" hits="2"/><line number="137" hits="0"/><line number="138" hits="0"/><line number="139" hits="2"/><line number="144" hits="8"/><line number="145" hits="0"/><line number="146" hits="0"/><line number="147" hits="0"/><line number="148" hits="0"/><line number="155" hits="4"/><line number="159" hits="8"/><line number="160" hits="4"/><line number="161" hits="8"/><line number="162" hits="10"/><line number="171" hits="4"/><line number="172" hits="4"/><line number="173" hits="4"/><line number="179" hits="2"/><line number="180" hits="2"/><line number="220" hits="0"/><line number="221" hits="0"/></lines></class><class name="error" filename="rusta-di/src/error.rs" line-rate="1" branch-rate="0" complexity="0"><methods/><lines><line number="15" hits="4"/><line number="16" hits="16"/><line number="17" hits="8"/><line number="19" hits="12"/></lines></class></classes></package><package name="rusta-apm/src" line-rate="0.7311475409836066" branch-rate="0" complexity="0"><classes><class name="adapter" filename="rusta-apm/src/adapter.rs" line-rate="0.8" branch-rate="0" complexity="0"><methods/><lines><line number="18" hits="10"/><line number="19" hits="30"/><line number="20" hits="30"/><line number="21" hits="10"/><line number="23" hits="20"/><line number="24" hits="0"/><line number="25" hits="0"/><line number="28" hits="20"/><line number="29" hits="50"/><line number="30" hits="20"/></lines></class><class name="config" filename="rusta-apm/src/config.rs" line-rate="1" branch-rate="0" complexity="0"><methods/><lines><line number="34" hits="14"/><line number="36" hits="28"/><line number="50" hits="14"/><line number="51" hits="42"/><line number="52" hits="14"/><line number="55" hits="4"/><line number="56" hits="8"/><line number="57" hits="4"/><line number="60" hits="4"/><line number="61" hits="8"/><line number="62" hits="4"/><line number="65" hits="2"/><line number="66" hits="4"/><line number="67" hits="2"/><line number="72" hits="14"/><line number="73" hits="84"/><line number="74" hits="14"/><line number="77" hits="4"/><line number="78" hits="8"/><line number="79" hits="4"/><line number="82" hits="2"/><line number="83" hits="4"/><line number="84" hits="2"/><line number="91" hits="4"/><line number="92" hits="8"/><line number="93" hits="4"/><line number="98" hits="2"/><line number="99" hits="2"/><line number="100" hits="2"/><line number="103" hits="14"/><line number="105" hits="28"/><line number="106" hits="38"/><line number="107" hits="52"/><line number="108" hits="14"/><line number="109" hits="14"/><line number="115" hits="14"/><line number="116" hits="14"/></lines></class><class name="context" filename="rusta-apm/src/context.rs" line-rate="1" branch-rate="0" complexity="0"><methods/><lines><line number="34" hits="42"/><line number="36" hits="84"/><line number="37" hits="84"/><line number="39" hits="84"/><line number="40" hits="84"/><line number="41" hits="126"/><line number="42" hits="42"/><line number="47" hits="4"/><line number="48" hits="12"/><line number="49" hits="4"/></lines></class><class name="manager" filename="rusta-apm/src/manager.rs" line-rate="0.5757575757575758" branch-rate="0" complexity="0"><methods/><lines><line number="26" hits="40"/><line number="27" hits="40"/><line number="29" hits="0"/><line number="30" hits="0"/><line number="32" hits="0"/><line number="33" hits="0"/><line number="65" hits="22"/><line number="66" hits="22"/><line number="83" hits="0"/><line number="84" hits="0"/><line number="85" hits="0"/><line number="87" hits="0"/><line number="88" hits="0"/><line number="89" hits="0"/><line number="90" hits="0"/><line number="94" hits="0"/><line number="96" hits="0"/><line number="99" hits="0"/><line number="100" hits="0"/><line number="104" hits="0"/><line number="105" hits="0"/><line number="106" hits="0"/><line number="108" hits="0"/><line number="112" hits="2"/><line number="113" hits="2"/><line number="115" hits="2"/><line number="119" hits="0"/><line number="120" hits="0"/><line number="121" hits="0"/><line number="122" hits="0"/><line number="124" hits="0"/><line number="125" hits="0"/><line number="136" hits="2"/><line number="142" hits="10"/><line number="143" hits="2"/><line number="144" hits="0"/><line number="146" hits="0"/><line number="147" hits="0"/><line number="149" hits="8"/><line number="156" hits="2"/><line number="167" hits="10"/><line number="168" hits="2"/><line number="169" hits="0"/><line number="171" hits="0"/><line number="172" hits="0"/><line number="174" hits="12"/><line number="175" hits="4"/><line number="176" hits="8"/><line number="177" hits="10"/><line number="179" hits="2"/><line number="180" hits="8"/><line number="181" hits="2"/><line number="186" hits="2"/><line number="196" hits="10"/><line number="197" hits="2"/><line number="198" hits="0"/><line number="200" hits="0"/><line number="201" hits="0"/><line number="203" hits="12"/><line number="204" hits="4"/><line number="205" hits="8"/><line number="206" hits="10"/><line number="208" hits="2"/><line number="209" hits="8"/><line number="210" hits="2"/><line number="219" hits="6"/><line number="225" hits="12"/><line number="226" hits="0"/><line number="227" hits="0"/><line number="229" hits="0"/><line number="230" hits="0"/><line number="231" hits="0"/><line number="232" hits="0"/><line number="233" hits="0"/><line number="234" hits="0"/><line number="238" hits="6"/><line number="242" hits="6"/><line number="248" hits="2"/><line number="259" hits="12"/><line number="260" hits="4"/><line number="261" hits="6"/><line number="262" hits="2"/><line number="266" hits="2"/><line number="276" hits="12"/><line number="277" hits="4"/><line number="278" hits="6"/><line number="279" hits="2"/><line number="287" hits="2"/><line number="288" hits="6"/><line number="295" hits="4"/><line number="299" hits="4"/><line number="300" hits="2"/><line number="301" hits="2"/><line number="302" hits="6"/><line number="303" hits="10"/><line number="305" hits="2"/><line number="307" hits="2"/><line number="313" hits="2"/><line number="314" hits="2"/></lines></class><class name="middleware" filename="rusta-apm/src/middleware.rs" line-rate="0" branch-rate="0" complexity="0"><methods/><lines><line number="40" hits="0"/><line number="41" hits="0"/><line number="42" hits="0"/><line number="43" hits="0"/><line number="44" hits="0"/><line number="45" hits="0"/><line number="48" hits="0"/><line number="49" hits="0"/><line number="50" hits="0"/><line number="51" hits="0"/><line number="52" hits="0"/><line number="53" hits="0"/><line number="54" hits="0"/><line number="55" hits="0"/><line number="57" hits="0"/><line number="59" hits="0"/><line number="62" hits="0"/><line number="63" hits="0"/><line number="64" hits="0"/><line number="65" hits="0"/><line number="68" hits="0"/><line number="70" hits="0"/><line number="71" hits="0"/><line number="73" hits="0"/><line number="74" hits="0"/><line number="75" hits="0"/><line number="79" hits="0"/><line number="80" hits="0"/><line number="81" hits="0"/><line number="83" hits="0"/><line number="84" hits="0"/><line number="85" hits="0"/></lines></class><class name="span" filename="rusta-apm/src/span.rs" line-rate="0.9696969696969697" branch-rate="0" complexity="0"><methods/><lines><line number="38" hits="12"/><line number="48" hits="48"/><line number="49" hits="24"/><line number="50" hits="24"/><line number="53" hits="12"/><line number="69" hits="10"/><line number="77" hits="14"/><line number="78" hits="42"/><line number="81" hits="36"/><line number="82" hits="52"/><line number="83" hits="20"/><line number="85" hits="16"/><line number="86" hits="4"/><line number="88" hits="12"/><line number="92" hits="12"/><line number="93" hits="0"/><line number="96" hits="16"/><line number="97" hits="4"/><line number="100" hits="36"/><line number="101" hits="24"/><line number="102" hits="48"/><line number="105" hits="24"/><line number="106" hits="24"/><line number="107" hits="24"/><line number="108" hits="24"/><line number="109" hits="36"/><line number="110" hits="36"/><line number="111" hits="36"/><line number="112" hits="24"/><line number="115" hits="12"/><line number="118" hits="24"/><line number="123" hits="22"/><line number="124" hits="66"/></lines></class><class name="transaction" filename="rusta-apm/src/transaction.rs" line-rate="0.9736842105263158" branch-rate="0" complexity="0"><methods/><lines><line number="27" hits="20"/><line number="29" hits="20"/><line number="39" hits="2"/><line number="40" hits="4"/><line number="41" hits="4"/><line number="42" hits="2"/><line number="43" hits="2"/><line number="52" hits="14"/><line number="53" hits="56"/><line number="56" hits="34"/><line number="57" hits="68"/><line number="58" hits="0"/><line number="60" hits="34"/><line number="61" hits="14"/><line number="63" hits="20"/><line number="65" hits="60"/><line number="66" hits="40"/><line number="67" hits="80"/><line number="69" hits="40"/><line number="70" hits="20"/><line number="71" hits="20"/><line number="73" hits="20"/><line number="75" hits="24"/><line number="76" hits="4"/><line number="79" hits="40"/><line number="80" hits="20"/><line number="81" hits="20"/><line number="83" hits="20"/><line number="87" hits="20"/><line number="88" hits="20"/><line number="89" hits="40"/><line number="90" hits="40"/><line number="91" hits="20"/><line number="94" hits="56"/><line number="97" hits="20"/><line number="100" hits="40"/><line number="105" hits="20"/><line number="106" hits="80"/></lines></class><class name="types" filename="rusta-apm/src/types.rs" line-rate="1" branch-rate="0" complexity="0"><methods/><lines><line number="25" hits="12"/><line number="29" hits="36"/></lines></class><class name="writer" filename="rusta-apm/src/writer.rs" line-rate="0.9090909090909091" branch-rate="0" complexity="0"><methods/><lines><line number="25" hits="164"/><line number="26" hits="492"/><line number="27" hits="162"/><line number="28" hits="2"/><line number="29" hits="4"/><line number="31" hits="0"/><line number="50" hits="12"/><line number="54" hits="36"/><line number="57" hits="24"/><line number="58" hits="12"/><line number="60" hits="36"/><line number="61" hits="36"/><line number="62" hits="36"/><line number="63" hits="60"/><line number="65" hits="12"/><line number="66" hits="24"/><line number="67" hits="12"/><line number="68" hits="12"/><line number="73" hits="10"/><line number="75" hits="30"/><line number="76" hits="10"/><line number="81" hits="24"/><line number="82" hits="24"/><line number="83" hits="24"/><line number="91" hits="24"/><line number="93" hits="24"/><line number="94" hits="36"/><line number="96" hits="68"/><line number="100" hits="16"/><line number="101" hits="24"/><line number="102" hits="16"/><line number="104" hits="16"/><line number="105" hits="434"/><line number="106" hits="568"/><line number="107" hits="284"/><line number="108" hits="142"/><line number="111" hits="32"/><line number="112" hits="0"/><line number="113" hits="0"/><line number="116" hits="8"/><line number="119" hits="8"/><line number="120" hits="6"/><line number="121" hits="0"/><line number="123" hits="2"/></lines></class></classes></package><package name="rusta-macros/src" line-rate="0" branch-rate="0" complexity="0"><classes></classes></package></packages></coverage>